TN:
SF:src/controllers/billingController.ts
FN:8,(anonymous_0)
FN:25,(anonymous_1)
FN:49,(anonymous_2)
FN:69,(anonymous_3)
FNF:4
FNH:0
FNDA:0,(anonymous_0)
FNDA:0,(anonymous_1)
FNDA:0,(anonymous_2)
FNDA:0,(anonymous_3)
DA:2,0
DA:3,0
DA:6,0
DA:8,0
DA:9,0
DA:11,0
DA:12,0
DA:14,0
DA:23,0
DA:25,0
DA:26,0
DA:27,0
DA:28,0
DA:29,0
DA:31,0
DA:33,0
DA:47,0
DA:49,0
DA:50,0
DA:52,0
DA:54,0
DA:55,0
DA:59,0
DA:62,0
DA:67,0
DA:69,0
DA:70,0
DA:72,0
DA:74,0
DA:75,0
DA:79,0
DA:82,0
DA:87,0
LF:33
LH:0
BRDA:17,0,0,0
BRDA:17,0,1,0
BRDA:20,1,0,0
BRDA:20,1,1,0
BRDA:27,2,0,0
BRDA:27,2,1,0
BRDA:28,3,0,0
BRDA:28,3,1,0
BRDA:54,4,0,0
BRDA:74,5,0,0
BRF:10
BRH:0
end_of_record
TN:
SF:src/controllers/rateController.ts
FN:5,(anonymous_0)
FN:23,(anonymous_1)
FNF:2
FNH:0
FNDA:0,(anonymous_0)
FNDA:0,(anonymous_1)
DA:2,0
DA:3,0
DA:5,0
DA:6,0
DA:7,0
DA:8,0
DA:9,0
DA:10,0
DA:12,0
DA:16,0
DA:18,0
DA:19,0
DA:23,0
DA:24,0
DA:25,0
DA:26,0
DA:28,0
LF:17
LH:0
BRDA:9,0,0,0
BRDA:9,1,0,0
BRDA:9,1,1,0
BRDA:18,2,0,0
BRF:4
BRH:0
end_of_record
TN:
SF:src/controllers/stripeController.ts
FN:10,(anonymous_1)
FN:27,(anonymous_2)
FNF:2
FNH:0
FNDA:0,(anonymous_1)
FNDA:0,(anonymous_2)
DA:2,0
DA:3,0
DA:4,0
DA:6,0
DA:10,0
DA:11,0
DA:12,0
DA:13,0
DA:14,0
DA:16,0
DA:20,0
DA:22,0
DA:23,0
DA:27,0
DA:28,0
DA:29,0
DA:30,0
DA:31,0
DA:33,0
DA:34,0
DA:35,0
DA:36,0
DA:38,0
DA:41,0
DA:42,0
LF:25
LH:0
BRDA:12,0,0,0
BRDA:13,1,0,0
BRDA:13,2,0,0
BRDA:13,2,1,0
BRDA:22,3,0,0
BRDA:30,4,0,0
BRDA:30,5,0,0
BRDA:30,5,1,0
BRDA:34,6,0,0
BRDA:34,6,1,0
BRDA:41,7,0,0
BRF:11
BRH:0
end_of_record
TN:
SF:src/controllers/usageController.ts
FN:11,insertUsageLog
FN:29,(anonymous_1)
FN:59,(anonymous_2)
FN:89,(anonymous_3)
FNF:4
FNH:4
FNDA:5,insertUsageLog
FNDA:5,(anonymous_1)
FNDA:3,(anonymous_2)
FNDA:3,(anonymous_3)
DA:2,1
DA:3,1
DA:4,1
DA:18,5
DA:20,5
DA:26,5
DA:29,1
DA:30,5
DA:31,5
DA:32,5
DA:33,1
DA:35,4
DA:36,2
DA:39,2
DA:47,2
DA:48,1
DA:49,1
DA:52,1
DA:54,3
DA:55,3
DA:59,1
DA:60,3
DA:61,3
DA:62,3
DA:63,1
DA:65,2
DA:66,1
DA:69,1
DA:77,1
DA:78,0
DA:79,0
DA:82,1
DA:84,2
DA:85,2
DA:89,1
DA:90,3
DA:91,3
DA:92,3
DA:93,0
DA:95,3
DA:96,1
DA:99,2
DA:107,2
DA:108,0
DA:109,0
DA:112,2
DA:114,1
DA:115,1
LF:48
LH:43
BRDA:18,0,0,5
BRDA:18,0,1,4
BRDA:32,1,0,1
BRDA:32,2,0,5
BRDA:32,2,1,4
BRDA:35,3,0,2
BRDA:35,4,0,4
BRDA:35,4,1,3
BRDA:43,5,0,0
BRDA:43,5,1,2
BRDA:47,6,0,1
BRDA:54,7,0,0
BRDA:62,8,0,1
BRDA:62,9,0,3
BRDA:62,9,1,3
BRDA:65,10,0,1
BRDA:65,11,0,2
BRDA:65,11,1,2
BRDA:73,12,0,0
BRDA:73,12,1,1
BRDA:77,13,0,0
BRDA:84,14,0,0
BRDA:92,15,0,0
BRDA:92,16,0,3
BRDA:92,16,1,3
BRDA:95,17,0,1
BRDA:95,18,0,3
BRDA:95,18,1,3
BRDA:103,19,0,1
BRDA:103,19,1,1
BRDA:107,20,0,0
BRDA:114,21,0,0
BRF:32
BRH:24
end_of_record
TN:
SF:src/controllers/userController.ts
FN:8,(anonymous_1)
FN:30,(anonymous_2)
FN:91,(anonymous_3)
FNF:3
FNH:0
FNDA:0,(anonymous_1)
FNDA:0,(anonymous_2)
FNDA:0,(anonymous_3)
DA:2,0
DA:3,0
DA:4,0
DA:5,0
DA:6,0
DA:8,0
DA:9,0
DA:10,0
DA:11,0
DA:12,0
DA:13,0
DA:15,0
DA:16,0
DA:20,0
DA:22,0
DA:23,0
DA:25,0
DA:26,0
DA:30,0
DA:31,0
DA:32,0
DA:35,0
DA:36,0
DA:40,0
DA:41,0
DA:46,0
DA:47,0
DA:50,0
DA:51,0
DA:53,0
DA:55,0
DA:59,0
DA:63,0
DA:65,0
DA:66,0
DA:67,0
DA:70,0
DA:76,0
DA:86,0
DA:87,0
DA:91,0
DA:92,0
DA:93,0
DA:94,0
DA:95,0
DA:96,0
DA:98,0
DA:100,0
DA:101,0
LF:49
LH:0
BRDA:12,0,0,0
BRDA:18,1,0,0
BRDA:18,1,1,0
BRDA:22,2,0,0
BRDA:25,3,0,0
BRDA:35,4,0,0
BRDA:35,5,0,0
BRDA:35,5,1,0
BRDA:46,6,0,0
BRDA:53,7,0,0
BRDA:53,8,0,0
BRDA:53,8,1,0
BRDA:66,9,0,0
BRDA:73,10,0,0
BRDA:73,10,1,0
BRDA:86,11,0,0
BRDA:95,12,0,0
BRDA:100,13,0,0
BRF:18
BRH:0
end_of_record
TN:
SF:src/database/connection.ts
FNF:0
FNH:0
DA:1,1
DA:2,1
DA:3,1
DA:5,1
DA:12,1
LF:5
LH:5
BRF:0
BRH:0
end_of_record
TN:
SF:src/errors/AppError.ts
FN:6,(anonymous_0)
FN:15,(anonymous_1)
FN:20,(anonymous_2)
FN:23,(anonymous_3)
FN:26,(anonymous_4)
FN:29,(anonymous_5)
FN:32,(anonymous_6)
FN:35,(anonymous_7)
FNF:8
FNH:5
FNDA:17,(anonymous_0)
FNDA:17,(anonymous_1)
FNDA:0,(anonymous_2)
FNDA:6,(anonymous_3)
FNDA:1,(anonymous_4)
FNDA:10,(anonymous_5)
FNDA:0,(anonymous_6)
FNDA:0,(anonymous_7)
DA:1,3
DA:7,17
DA:8,17
DA:9,17
DA:10,17
DA:11,17
DA:15,3
DA:16,17
DA:20,3
DA:21,0
DA:23,3
DA:24,6
DA:26,3
DA:27,1
DA:29,3
DA:30,10
DA:32,3
DA:33,0
DA:35,3
DA:36,0
LF:20
LH:17
BRF:0
BRH:0
end_of_record
TN:
SF:src/middleware/auth.ts
FN:5,(anonymous_1)
FNF:1
FNH:0
FNDA:0,(anonymous_1)
DA:2,0
DA:3,0
DA:5,0
DA:6,0
DA:7,0
DA:8,0
DA:9,0
DA:11,0
DA:12,0
DA:13,0
DA:15,0
DA:16,0
DA:17,0
DA:19,0
DA:20,0
DA:21,0
DA:22,0
DA:23,0
DA:24,0
DA:26,0
LF:20
LH:0
BRDA:8,0,0,0
BRDA:12,1,0,0
BRDA:19,2,0,0
BRDA:19,2,1,0
BRDA:21,3,0,0
BRDA:21,3,1,0
BRDA:23,4,0,0
BRDA:23,4,1,0
BRF:8
BRH:0
end_of_record
TN:
SF:src/middleware/errorHandler.ts
FN:6,(anonymous_0)
FN:38,(anonymous_1)
FN:39,(anonymous_2)
FN:44,(anonymous_3)
FNF:4
FNH:0
FNDA:0,(anonymous_0)
FNDA:0,(anonymous_1)
FNDA:0,(anonymous_2)
FNDA:0,(anonymous_3)
DA:2,0
DA:4,0
DA:6,0
DA:12,0
DA:13,0
DA:14,0
DA:15,0
DA:17,0
DA:27,0
DA:35,0
DA:38,0
DA:39,0
DA:40,0
DA:44,0
DA:45,0
DA:50,0
LF:16
LH:0
BRDA:13,0,0,0
BRDA:13,0,1,0
BRDA:14,1,0,0
BRDA:14,1,1,0
BRDA:15,2,0,0
BRDA:15,2,1,0
BRDA:29,3,0,0
BRDA:29,3,1,0
BRDA:29,4,0,0
BRDA:29,4,1,0
BRDA:32,5,0,0
BRDA:32,5,1,0
BRF:12
BRH:0
end_of_record
TN:
SF:src/middleware/role.ts
FN:4,(anonymous_0)
FN:4,(anonymous_1)
FNF:2
FNH:0
FNDA:0,(anonymous_0)
FNDA:0,(anonymous_1)
DA:2,0
DA:4,0
DA:5,0
DA:6,0
DA:7,0
DA:8,0
DA:10,0
DA:12,0
LF:8
LH:0
BRDA:7,0,0,0
BRDA:7,1,0,0
BRDA:7,1,1,0
BRF:3
BRH:0
end_of_record
TN:
SF:src/middleware/security.ts
FN:8,(anonymous_1)
FN:71,(anonymous_2)
FN:74,(anonymous_3)
FN:87,(anonymous_4)
FN:121,(anonymous_5)
FN:132,(anonymous_6)
FNF:6
FNH:0
FNDA:0,(anonymous_1)
FNDA:0,(anonymous_2)
FNDA:0,(anonymous_3)
FNDA:0,(anonymous_4)
FNDA:0,(anonymous_5)
FNDA:0,(anonymous_6)
DA:1,0
DA:2,0
DA:4,0
DA:8,0
DA:9,0
DA:10,0
DA:11,0
DA:13,0
DA:17,0
DA:30,0
DA:42,0
DA:54,0
DA:71,0
DA:72,0
DA:74,0
DA:75,0
DA:77,0
DA:78,0
DA:84,0
DA:86,0
DA:87,0
DA:89,0
DA:90,0
DA:91,0
DA:92,0
DA:93,0
DA:96,0
DA:98,0
DA:102,0
DA:103,0
DA:105,0
DA:106,0
DA:108,0
DA:109,0
DA:112,0
DA:115,0
DA:116,0
DA:121,0
DA:122,0
DA:123,0
DA:125,0
DA:126,0
DA:128,0
DA:132,0
DA:133,0
DA:134,0
DA:136,0
DA:137,0
DA:140,0
DA:141,0
DA:143,0
LF:51
LH:0
BRDA:10,0,0,0
BRDA:11,1,0,0
BRDA:11,1,1,0
BRDA:13,2,0,0
BRDA:13,2,1,0
BRDA:75,3,0,0
BRDA:77,4,0,0
BRDA:77,5,0,0
BRDA:77,5,1,0
BRDA:77,5,2,0
BRDA:86,6,0,0
BRDA:89,7,0,0
BRDA:89,8,0,0
BRDA:89,8,1,0
BRDA:92,9,0,0
BRDA:102,10,0,0
BRDA:102,11,0,0
BRDA:102,11,1,0
BRDA:105,12,0,0
BRDA:105,13,0,0
BRDA:105,13,1,0
BRDA:108,14,0,0
BRDA:108,15,0,0
BRDA:108,15,1,0
BRDA:122,16,0,0
BRDA:122,16,1,0
BRDA:125,17,0,0
BRDA:136,18,0,0
BRDA:140,19,0,0
BRDA:140,20,0,0
BRDA:140,20,1,0
BRF:31
BRH:0
end_of_record
TN:
SF:src/models/User.ts
FN:4,(anonymous_0)
FN:14,(anonymous_1)
FNF:2
FNH:0
FNDA:0,(anonymous_0)
FNDA:0,(anonymous_1)
DA:1,0
DA:3,0
DA:5,0
DA:6,0
DA:7,0
DA:8,0
DA:9,0
DA:10,0
DA:11,0
DA:15,0
DA:26,0
DA:40,0
DA:47,0
DA:61,0
DA:72,0
LF:15
LH:0
BRF:0
BRH:0
end_of_record
TN:
SF:src/routes/billingRoutes.ts
FNF:0
FNH:0
DA:1,0
DA:2,0
DA:3,0
DA:4,0
DA:5,0
DA:13,0
DA:16,0
DA:17,0
DA:59,0
DA:92,0
DA:137,0
DA:162,0
DA:168,0
LF:13
LH:0
BRF:0
BRH:0
end_of_record
TN:
SF:src/routes/rateRoutes.ts
FN:43,(anonymous_1)
FN:67,(anonymous_2)
FNF:2
FNH:0
FNDA:0,(anonymous_1)
FNDA:0,(anonymous_2)
DA:1,0
DA:2,0
DA:3,0
DA:4,0
DA:5,0
DA:7,0
DA:10,0
DA:11,0
DA:12,0
DA:43,0
DA:44,0
DA:67,0
DA:68,0
DA:71,0
LF:14
LH:0
BRF:0
BRH:0
end_of_record
TN:
SF:src/routes/stripeRoutes.ts
FNF:0
FNH:0
DA:1,0
DA:2,0
DA:3,0
DA:4,0
DA:5,0
DA:8,0
DA:9,0
DA:11,0
DA:12,0
DA:14,0
LF:10
LH:0
BRF:0
BRH:0
end_of_record
TN:
SF:src/routes/usageRoutes.ts
FNF:0
FNH:0
DA:1,0
DA:2,0
DA:3,0
DA:4,0
DA:7,0
DA:50,0
DA:77,0
DA:121,0
DA:123,0
LF:9
LH:0
BRF:0
BRH:0
end_of_record
TN:
SF:src/routes/userRoutes.ts
FN:9,asyncHandler
FN:10,(anonymous_2)
FN:154,(anonymous_3)
FNF:3
FNH:0
FNDA:0,asyncHandler
FNDA:0,(anonymous_2)
FNDA:0,(anonymous_3)
DA:1,0
DA:2,0
DA:3,0
DA:4,0
DA:5,0
DA:6,0
DA:7,0
DA:10,0
DA:11,0
DA:67,0
DA:119,0
DA:139,0
DA:154,0
DA:155,0
DA:156,0
DA:157,0
DA:159,0
DA:163,0
LF:18
LH:0
BRF:0
BRH:0
end_of_record
TN:
SF:src/services/billingService.ts
FN:11,(anonymous_1)
FN:32,(anonymous_2)
FN:35,(anonymous_3)
FN:48,(anonymous_4)
FN:74,(anonymous_5)
FN:116,(anonymous_6)
FN:160,(anonymous_7)
FN:204,(anonymous_8)
FNF:8
FNH:7
FNDA:7,(anonymous_1)
FNDA:7,(anonymous_2)
FNDA:7,(anonymous_3)
FNDA:7,(anonymous_4)
FNDA:4,(anonymous_5)
FNDA:3,(anonymous_6)
FNDA:3,(anonymous_7)
FNDA:0,(anonymous_8)
DA:1,2
DA:2,2
DA:4,2
DA:5,2
DA:8,2
DA:10,2
DA:12,7
DA:14,7
DA:15,7
DA:18,7
DA:27,5
DA:31,5
DA:32,7
DA:35,5
DA:36,7
DA:37,7
DA:38,7
DA:39,7
DA:47,5
DA:48,7
DA:52,5
DA:53,5
DA:55,5
DA:57,5
DA:59,5
DA:66,2
DA:67,2
DA:68,2
DA:70,7
DA:75,4
DA:77,4
DA:78,4
DA:80,4
DA:81,2
DA:82,2
DA:83,2
DA:86,2
DA:97,2
DA:99,2
DA:100,2
DA:106,2
DA:108,0
DA:109,0
DA:110,0
DA:112,4
DA:122,3
DA:123,3
DA:124,3
DA:125,3
DA:127,3
DA:128,1
DA:129,1
DA:133,3
DA:137,3
DA:140,3
DA:147,3
DA:149,3
DA:153,3
DA:155,0
DA:156,0
DA:161,3
DA:163,3
DA:164,3
DA:167,3
DA:172,3
DA:173,1
DA:176,2
DA:180,2
DA:185,1
DA:187,1
DA:193,1
DA:195,2
DA:196,2
DA:197,2
DA:198,2
DA:200,3
DA:205,0
DA:206,0
DA:211,0
DA:212,0
DA:215,0
DA:216,0
DA:218,0
DA:219,0
LF:84
LH:71
BRDA:36,0,0,7
BRDA:36,0,1,1
BRDA:80,1,0,2
BRDA:118,2,0,0
BRDA:119,3,0,0
BRDA:127,4,0,1
BRDA:172,5,0,1
BRDA:197,6,0,0
BRDA:211,7,0,0
BRF:9
BRH:5
end_of_record
TN:
SF:src/utils/logger.ts
FNF:0
FNH:0
DA:1,1
DA:3,1
DA:18,1
DA:19,1
DA:24,1
LF:5
LH:5
BRDA:4,0,0,1
BRDA:4,0,1,1
BRDA:18,1,0,1
BRF:3
BRH:3
end_of_record
TN:
SF:src/utils/validatePassword.ts
FN:2,(anonymous_0)
FN:35,(anonymous_1)
FNF:2
FNH:0
FNDA:0,(anonymous_0)
FNDA:0,(anonymous_1)
DA:2,0
DA:3,0
DA:5,0
DA:6,0
DA:9,0
DA:10,0
DA:13,0
DA:14,0
DA:17,0
DA:18,0
DA:21,0
DA:22,0
DA:25,0
DA:26,0
DA:30,0
DA:35,0
DA:36,0
DA:40,0
DA:41,0
DA:45,0
DA:46,0
DA:49,0
LF:22
LH:0
BRDA:5,0,0,0
BRDA:5,1,0,0
BRDA:5,1,1,0
BRDA:9,2,0,0
BRDA:13,3,0,0
BRDA:17,4,0,0
BRDA:21,5,0,0
BRDA:25,6,0,0
BRDA:35,7,0,0
BRDA:40,8,0,0
BRDA:45,9,0,0
BRF:11
BRH:0
end_of_record
TN:
SF:src/utils/validation.ts
FN:41,(anonymous_0)
FN:51,(anonymous_1)
FNF:2
FNH:0
FNDA:0,(anonymous_0)
FNDA:0,(anonymous_1)
DA:1,0
DA:4,0
DA:10,0
DA:16,0
DA:26,0
DA:41,0
DA:46,0
DA:47,0
DA:48,0
DA:51,0
DA:53,0
DA:55,0
LF:12
LH:0
BRDA:47,0,0,0
BRF:1
BRH:0
end_of_record
